# JRE version: OpenJDK Runtime Environment (8.0_202-b03) (build 1.8.0_202-release-1483-b03)
# Java VM: OpenJDK 64-Bit Server VM (25.202-b03 mixed mode windows-amd64 compressed oops)
Heap:
 PSYoungGen      total 309760K, used 170650K [0x00000000e0000000, 0x00000000f6080000, 0x0000000100000000)
  eden space 287232K, 51% used [0x00000000e0000000,0x00000000e90adc60,0x00000000f1880000)
  from space 22528K, 99% used [0x00000000f3700000,0x00000000f4cf8cc8,0x00000000f4d00000)
  to   space 31232K, 0% used [0x00000000f1880000,0x00000000f1880000,0x00000000f3700000)
 ParOldGen       total 71680K, used 48827K [0x00000000a0000000, 0x00000000a4600000, 0x00000000e0000000)
  object space 71680K, 68% used [0x00000000a0000000,0x00000000a2faed20,0x00000000a4600000)
 Metaspace       used 75763K, capacity 78086K, committed 78168K, reserved 1118208K
  class space    used 9780K, capacity 10338K, committed 10368K, reserved 1048576K
GC Heap History (10 events):
Event: 44.864 GC heap before
{Heap before GC invocations=15 (full 2):
 PSYoungGen      total 181248K, used 181232K [0x00000000e0000000, 0x00000000ecb00000, 0x0000000100000000)
  eden space 168448K, 100% used [0x00000000e0000000,0x00000000ea480000,0x00000000ea480000)
  from space 12800K, 99% used [0x00000000ebe80000,0x00000000ecafc218,0x00000000ecb00000)
  to   space 15872K, 0% used [0x00000000eac00000,0x00000000eac00000,0x00000000ebb80000)
 ParOldGen       total 42496K, used 19006K [0x00000000a0000000, 0x00000000a2980000, 0x00000000e0000000)
  object space 42496K, 44% used [0x00000000a0000000,0x00000000a128fa60,0x00000000a2980000)
 Metaspace       used 55199K, capacity 56692K, committed 56792K, reserved 1097728K
  class space    used 7501K, capacity 7875K, committed 7936K, reserved 1048576K
Event: 44.950 GC heap after
Heap after GC invocations=15 (full 2):
 PSYoungGen      total 192000K, used 15871K [0x00000000e0000000, 0x00000000f0e80000, 0x0000000100000000)
  eden space 176128K, 0% used [0x00000000e0000000,0x00000000e0000000,0x00000000eac00000)
  from space 15872K, 99% used [0x00000000eac00000,0x00000000ebb7fc68,0x00000000ebb80000)
  to   space 22016K, 0% used [0x00000000ef900000,0x00000000ef900000,0x00000000f0e80000)
 ParOldGen       total 42496K, used 27611K [0x00000000a0000000, 0x00000000a2980000, 0x00000000e0000000)
  object space 42496K, 64% used [0x00000000a0000000,0x00000000a1af6d18,0x00000000a2980000)
 Metaspace       used 55199K, capacity 56692K, committed 56792K, reserved 1097728K
  class space    used 7501K, capacity 7875K, committed 7936K, reserved 1048576K
}
Event: 47.930 GC heap before
{Heap before GC invocations=16 (full 2):
 PSYoungGen      total 192000K, used 105996K [0x00000000e0000000, 0x00000000f0e80000, 0x0000000100000000)
  eden space 176128K, 51% used [0x00000000e0000000,0x00000000e58036d8,0x00000000eac00000)
  from space 15872K, 99% used [0x00000000eac00000,0x00000000ebb7fc68,0x00000000ebb80000)
  to   space 22016K, 0% used [0x00000000ef900000,0x00000000ef900000,0x00000000f0e80000)
 ParOldGen       total 42496K, used 27611K [0x00000000a0000000, 0x00000000a2980000, 0x00000000e0000000)
  object space 42496K, 64% used [0x00000000a0000000,0x00000000a1af6d18,0x00000000a2980000)
 Metaspace       used 57344K, capacity 58954K, committed 59028K, reserved 1099776K
  class space    used 7691K, capacity 8118K, committed 8192K, reserved 1048576K
Event: 47.960 GC heap after
Heap after GC invocations=16 (full 2):
 PSYoungGen      total 256000K, used 4159K [0x00000000e0000000, 0x00000000f1280000, 0x0000000100000000)
  eden space 233984K, 0% used [0x00000000e0000000,0x00000000e0000000,0x00000000ee480000)
  from space 22016K, 18% used [0x00000000ef900000,0x00000000efd0fe10,0x00000000f0e80000)
  to   space 20992K, 0% used [0x00000000ee480000,0x00000000ee480000,0x00000000ef900000)
 ParOldGen       total 42496K, used 36365K [0x00000000a0000000, 0x00000000a2980000, 0x00000000e0000000)
  object space 42496K, 85% used [0x00000000a0000000,0x00000000a23835e8,0x00000000a2980000)
 Metaspace       used 57344K, capacity 58954K, committed 59028K, reserved 1099776K
  class space    used 7691K, capacity 8118K, committed 8192K, reserved 1048576K
}
Event: 47.960 GC heap before
{Heap before GC invocations=17 (full 3):
 PSYoungGen      total 256000K, used 4159K [0x00000000e0000000, 0x00000000f1280000, 0x0000000100000000)
  eden space 233984K, 0% used [0x00000000e0000000,0x00000000e0000000,0x00000000ee480000)
  from space 22016K, 18% used [0x00000000ef900000,0x00000000efd0fe10,0x00000000f0e80000)
  to   space 20992K, 0% used [0x00000000ee480000,0x00000000ee480000,0x00000000ef900000)
 ParOldGen       total 42496K, used 36365K [0x00000000a0000000, 0x00000000a2980000, 0x00000000e0000000)
  object space 42496K, 85% used [0x00000000a0000000,0x00000000a23835e8,0x00000000a2980000)
 Metaspace       used 57344K, capacity 58954K, committed 59028K, reserved 1099776K
  class space    used 7691K, capacity 8118K, committed 8192K, reserved 1048576K
Event: 48.831 GC heap after
Heap after GC invocations=17 (full 3):
 PSYoungGen      total 256000K, used 0K [0x00000000e0000000, 0x00000000f1280000, 0x0000000100000000)
  eden space 233984K, 0% used [0x00000000e0000000,0x00000000e0000000,0x00000000ee480000)
  from space 22016K, 0% used [0x00000000ef900000,0x00000000ef900000,0x00000000f0e80000)
  to   space 20992K, 0% used [0x00000000ee480000,0x00000000ee480000,0x00000000ef900000)
 ParOldGen       total 71680K, used 35803K [0x00000000a0000000, 0x00000000a4600000, 0x00000000e0000000)
  object space 71680K, 49% used [0x00000000a0000000,0x00000000a22f6ca0,0x00000000a4600000)
 Metaspace       used 57344K, capacity 58954K, committed 59028K, reserved 1099776K
  class space    used 7691K, capacity 8118K, committed 8192K, reserved 1048576K
}
Event: 1166.319 GC heap before
{Heap before GC invocations=18 (full 3):
 PSYoungGen      total 256000K, used 233984K [0x00000000e0000000, 0x00000000f1280000, 0x0000000100000000)
  eden space 233984K, 100% used [0x00000000e0000000,0x00000000ee480000,0x00000000ee480000)
  from space 22016K, 0% used [0x00000000ef900000,0x00000000ef900000,0x00000000f0e80000)
  to   space 20992K, 0% used [0x00000000ee480000,0x00000000ee480000,0x00000000ef900000)
 ParOldGen       total 71680K, used 35803K [0x00000000a0000000, 0x00000000a4600000, 0x00000000e0000000)
  object space 71680K, 49% used [0x00000000a0000000,0x00000000a22f6ca0,0x00000000a4600000)
 Metaspace       used 67148K, capacity 69258K, committed 69464K, reserved 1110016K
  class space    used 8747K, capacity 9230K, committed 9344K, reserved 1048576K
Event: 1167.515 GC heap after
Heap after GC invocations=18 (full 3):
 PSYoungGen      total 254976K, used 14931K [0x00000000e0000000, 0x00000000f4d00000, 0x0000000100000000)
  eden space 233984K, 0% used [0x00000000e0000000,0x00000000e0000000,0x00000000ee480000)
  from space 20992K, 71% used [0x00000000ee480000,0x00000000ef314d68,0x00000000ef900000)
  to   space 22528K, 0% used [0x00000000f3700000,0x00000000f3700000,0x00000000f4d00000)
 ParOldGen       total 71680K, used 35875K [0x00000000a0000000, 0x00000000a4600000, 0x00000000e0000000)
  object space 71680K, 50% used [0x00000000a0000000,0x00000000a2308cb0,0x00000000a4600000)
 Metaspace       used 67148K, capacity 69258K, committed 69464K, reserved 1110016K
  class space    used 8747K, capacity 9230K, committed 9344K, reserved 1048576K
}
Event: 1189.259 GC heap before
{Heap before GC invocations=19 (full 3):
 PSYoungGen      total 254976K, used 248915K [0x00000000e0000000, 0x00000000f4d00000, 0x0000000100000000)
  eden space 233984K, 100% used [0x00000000e0000000,0x00000000ee480000,0x00000000ee480000)
  from space 20992K, 71% used [0x00000000ee480000,0x00000000ef314d68,0x00000000ef900000)
  to   space 22528K, 0% used [0x00000000f3700000,0x00000000f3700000,0x00000000f4d00000)
 ParOldGen       total 71680K, used 35875K [0x00000000a0000000, 0x00000000a4600000, 0x00000000e0000000)
  object space 71680K, 50% used [0x00000000a0000000,0x00000000a2308cb0,0x00000000a4600000)
 Metaspace       used 73431K, capacity 75574K, committed 75608K, reserved 1114112K
  class space    used 9556K, capacity 10078K, committed 10112K, reserved 1048576K
Event: 1189.757 GC heap after
Heap after GC invocations=19 (full 3):
 PSYoungGen      total 309760K, used 22499K [0x00000000e0000000, 0x00000000f6080000, 0x0000000100000000)
  eden space 287232K, 0% used [0x00000000e0000000,0x00000000e0000000,0x00000000f1880000)
  from space 22528K, 99% used [0x00000000f3700000,0x00000000f4cf8cc8,0x00000000f4d00000)
  to   space 31232K, 0% used [0x00000000f1880000,0x00000000f1880000,0x00000000f3700000)
 ParOldGen       total 71680K, used 48827K [0x00000000a0000000, 0x00000000a4600000, 0x00000000e0000000)
  object space 71680K, 68% used [0x00000000a0000000,0x00000000a2faed20,0x00000000a4600000)
 Metaspace       used 73431K, capacity 75574K, committed 75608K, reserved 1114112K
  class space    used 9556K, capacity 10078K, committed 10112K, reserved 1048576K
}

