# JRE version: OpenJDK Runtime Environment (8.0_202-b03) (build 1.8.0_202-release-1483-b03)
# Java VM: OpenJDK 64-Bit Server VM (25.202-b03 mixed mode windows-amd64 compressed oops)
Heap:
 PSYoungGen      total 238080K, used 63576K [0x00000000e0000000, 0x00000000f3000000, 0x0000000100000000)
  eden space 173056K, 36% used [0x00000000e0000000,0x00000000e3e16020,0x00000000ea900000)
  from space 65024K, 0% used [0x00000000ea900000,0x00000000ea900000,0x00000000ee880000)
  to   space 64512K, 0% used [0x00000000ef100000,0x00000000ef100000,0x00000000f3000000)
 ParOldGen       total 267776K, used 147656K [0x00000000a0000000, 0x00000000b0580000, 0x00000000e0000000)
  object space 267776K, 55% used [0x00000000a0000000,0x00000000a9032030,0x00000000b0580000)
 Metaspace       used 90806K, capacity 94292K, committed 95360K, reserved 1132544K
  class space    used 11701K, capacity 12395K, committed 12672K, reserved 1048576K
GC Heap History (10 events):
Event: 5422.135 GC heap before
{Heap before GC invocations=36 (full 4):
 PSYoungGen      total 228864K, used 198243K [0x00000000e0000000, 0x00000000f2780000, 0x0000000100000000)
  eden space 162816K, 99% used [0x00000000e0000000,0x00000000e9efeb70,0x00000000e9f00000)
  from space 66048K, 53% used [0x00000000e9f00000,0x00000000ec19a1d8,0x00000000edf80000)
  to   space 64512K, 0% used [0x00000000ee880000,0x00000000ee880000,0x00000000f2780000)
 ParOldGen       total 207360K, used 127212K [0x00000000a0000000, 0x00000000aca80000, 0x00000000e0000000)
  object space 207360K, 61% used [0x00000000a0000000,0x00000000a7c3b118,0x00000000aca80000)
 Metaspace       used 90598K, capacity 94246K, committed 94464K, reserved 1130496K
  class space    used 11743K, capacity 12462K, committed 12544K, reserved 1048576K
Event: 5422.312 GC heap after
Heap after GC invocations=36 (full 4):
 PSYoungGen      total 237568K, used 40903K [0x00000000e0000000, 0x00000000f2900000, 0x0000000100000000)
  eden space 173056K, 0% used [0x00000000e0000000,0x00000000e0000000,0x00000000ea900000)
  from space 64512K, 63% used [0x00000000ee880000,0x00000000f1071dd8,0x00000000f2780000)
  to   space 65024K, 0% used [0x00000000ea900000,0x00000000ea900000,0x00000000ee880000)
 ParOldGen       total 207360K, used 127220K [0x00000000a0000000, 0x00000000aca80000, 0x00000000e0000000)
  object space 207360K, 61% used [0x00000000a0000000,0x00000000a7c3d118,0x00000000aca80000)
 Metaspace       used 90598K, capacity 94246K, committed 94464K, reserved 1130496K
  class space    used 11743K, capacity 12462K, committed 12544K, reserved 1048576K
}
Event: 5496.816 GC heap before
{Heap before GC invocations=37 (full 4):
 PSYoungGen      total 237568K, used 213959K [0x00000000e0000000, 0x00000000f2900000, 0x0000000100000000)
  eden space 173056K, 100% used [0x00000000e0000000,0x00000000ea900000,0x00000000ea900000)
  from space 64512K, 63% used [0x00000000ee880000,0x00000000f1071dd8,0x00000000f2780000)
  to   space 65024K, 0% used [0x00000000ea900000,0x00000000ea900000,0x00000000ee880000)
 ParOldGen       total 207360K, used 127220K [0x00000000a0000000, 0x00000000aca80000, 0x00000000e0000000)
  object space 207360K, 61% used [0x00000000a0000000,0x00000000a7c3d118,0x00000000aca80000)
 Metaspace       used 91240K, capacity 95090K, committed 95360K, reserved 1132544K
  class space    used 11789K, capacity 12566K, committed 12672K, reserved 1048576K
Event: 5498.135 GC heap after
Heap after GC invocations=37 (full 4):
 PSYoungGen      total 238080K, used 39515K [0x00000000e0000000, 0x00000000f3000000, 0x0000000100000000)
  eden space 173056K, 0% used [0x00000000e0000000,0x00000000e0000000,0x00000000ea900000)
  from space 65024K, 60% used [0x00000000ea900000,0x00000000ecf96f28,0x00000000ee880000)
  to   space 64512K, 0% used [0x00000000ef100000,0x00000000ef100000,0x00000000f3000000)
 ParOldGen       total 207360K, used 127228K [0x00000000a0000000, 0x00000000aca80000, 0x00000000e0000000)
  object space 207360K, 61% used [0x00000000a0000000,0x00000000a7c3f118,0x00000000aca80000)
 Metaspace       used 91240K, capacity 95090K, committed 95360K, reserved 1132544K
  class space    used 11789K, capacity 12566K, committed 12672K, reserved 1048576K
}
Event: 5506.971 GC heap before
{Heap before GC invocations=38 (full 4):
 PSYoungGen      total 238080K, used 212571K [0x00000000e0000000, 0x00000000f3000000, 0x0000000100000000)
  eden space 173056K, 100% used [0x00000000e0000000,0x00000000ea900000,0x00000000ea900000)
  from space 65024K, 60% used [0x00000000ea900000,0x00000000ecf96f28,0x00000000ee880000)
  to   space 64512K, 0% used [0x00000000ef100000,0x00000000ef100000,0x00000000f3000000)
 ParOldGen       total 207360K, used 127228K [0x00000000a0000000, 0x00000000aca80000, 0x00000000e0000000)
  object space 207360K, 61% used [0x00000000a0000000,0x00000000a7c3f118,0x00000000aca80000)
 Metaspace       used 91307K, capacity 95174K, committed 95360K, reserved 1132544K
  class space    used 11794K, capacity 12568K, committed 12672K, reserved 1048576K
Event: 5508.266 GC heap after
Heap after GC invocations=38 (full 4):
 PSYoungGen      total 237568K, used 64485K [0x00000000e0000000, 0x00000000f3000000, 0x0000000100000000)
  eden space 173056K, 0% used [0x00000000e0000000,0x00000000e0000000,0x00000000ea900000)
  from space 64512K, 99% used [0x00000000ef100000,0x00000000f2ff94f0,0x00000000f3000000)
  to   space 65024K, 0% used [0x00000000ea900000,0x00000000ea900000,0x00000000ee880000)
 ParOldGen       total 207360K, used 151666K [0x00000000a0000000, 0x00000000aca80000, 0x00000000e0000000)
  object space 207360K, 73% used [0x00000000a0000000,0x00000000a941cba0,0x00000000aca80000)
 Metaspace       used 91307K, capacity 95174K, committed 95360K, reserved 1132544K
  class space    used 11794K, capacity 12568K, committed 12672K, reserved 1048576K
}
Event: 5517.213 GC heap before
{Heap before GC invocations=39 (full 4):
 PSYoungGen      total 237568K, used 237541K [0x00000000e0000000, 0x00000000f3000000, 0x0000000100000000)
  eden space 173056K, 100% used [0x00000000e0000000,0x00000000ea900000,0x00000000ea900000)
  from space 64512K, 99% used [0x00000000ef100000,0x00000000f2ff94f0,0x00000000f3000000)
  to   space 65024K, 0% used [0x00000000ea900000,0x00000000ea900000,0x00000000ee880000)
 ParOldGen       total 207360K, used 151666K [0x00000000a0000000, 0x00000000aca80000, 0x00000000e0000000)
  object space 207360K, 73% used [0x00000000a0000000,0x00000000a941cba0,0x00000000aca80000)
 Metaspace       used 91323K, capacity 95174K, committed 95360K, reserved 1132544K
  class space    used 11795K, capacity 12568K, committed 12672K, reserved 1048576K
Event: 5525.708 GC heap after
Heap after GC invocations=39 (full 4):
 PSYoungGen      total 238080K, used 65001K [0x00000000e0000000, 0x00000000f3000000, 0x0000000100000000)
  eden space 173056K, 0% used [0x00000000e0000000,0x00000000e0000000,0x00000000ea900000)
  from space 65024K, 99% used [0x00000000ea900000,0x00000000ee87a518,0x00000000ee880000)
  to   space 64512K, 0% used [0x00000000ef100000,0x00000000ef100000,0x00000000f3000000)
 ParOldGen       total 207360K, used 201036K [0x00000000a0000000, 0x00000000aca80000, 0x00000000e0000000)
  object space 207360K, 96% used [0x00000000a0000000,0x00000000ac4531e8,0x00000000aca80000)
 Metaspace       used 91323K, capacity 95174K, committed 95360K, reserved 1132544K
  class space    used 11795K, capacity 12568K, committed 12672K, reserved 1048576K
}
Event: 5525.726 GC heap before
{Heap before GC invocations=40 (full 5):
 PSYoungGen      total 238080K, used 65001K [0x00000000e0000000, 0x00000000f3000000, 0x0000000100000000)
  eden space 173056K, 0% used [0x00000000e0000000,0x00000000e0000000,0x00000000ea900000)
  from space 65024K, 99% used [0x00000000ea900000,0x00000000ee87a518,0x00000000ee880000)
  to   space 64512K, 0% used [0x00000000ef100000,0x00000000ef100000,0x00000000f3000000)
 ParOldGen       total 207360K, used 201036K [0x00000000a0000000, 0x00000000aca80000, 0x00000000e0000000)
  object space 207360K, 96% used [0x00000000a0000000,0x00000000ac4531e8,0x00000000aca80000)
 Metaspace       used 91323K, capacity 95174K, committed 95360K, reserved 1132544K
  class space    used 11795K, capacity 12568K, committed 12672K, reserved 1048576K
Event: 5564.559 GC heap after
Heap after GC invocations=40 (full 5):
 PSYoungGen      total 238080K, used 0K [0x00000000e0000000, 0x00000000f3000000, 0x0000000100000000)
  eden space 173056K, 0% used [0x00000000e0000000,0x00000000e0000000,0x00000000ea900000)
  from space 65024K, 0% used [0x00000000ea900000,0x00000000ea900000,0x00000000ee880000)
  to   space 64512K, 0% used [0x00000000ef100000,0x00000000ef100000,0x00000000f3000000)
 ParOldGen       total 267776K, used 147656K [0x00000000a0000000, 0x00000000b0580000, 0x00000000e0000000)
  object space 267776K, 55% used [0x00000000a0000000,0x00000000a9032030,0x00000000b0580000)
 Metaspace       used 90798K, capacity 94284K, committed 95360K, reserved 1132544K
  class space    used 11701K, capacity 12395K, committed 12672K, reserved 1048576K
}

