# JRE version: OpenJDK Runtime Environment (8.0_202-b03) (build 1.8.0_202-release-1483-b03)
# Java VM: OpenJDK 64-Bit Server VM (25.202-b03 mixed mode windows-amd64 compressed oops)
Heap:
 PSYoungGen      total 471040K, used 358543K [0x00000000e0000000, 0x00000000fe680000, 0x0000000100000000)
  eden space 449024K, 75% used [0x00000000e0000000,0x00000000f4af6de8,0x00000000fb680000)
  from space 22016K, 89% used [0x00000000fce00000,0x00000000fe12ce28,0x00000000fe380000)
  to   space 24064K, 0% used [0x00000000fb680000,0x00000000fb680000,0x00000000fce00000)
 ParOldGen       total 109056K, used 80198K [0x00000000a0000000, 0x00000000a6a80000, 0x00000000e0000000)
  object space 109056K, 73% used [0x00000000a0000000,0x00000000a4e51a10,0x00000000a6a80000)
 Metaspace       used 82264K, capacity 84958K, committed 85336K, reserved 1124352K
  class space    used 10479K, capacity 11048K, committed 11136K, reserved 1048576K
GC Heap History (10 events):
Event: 569.943 GC heap before
{Heap before GC invocations=46 (full 5):
 PSYoungGen      total 434688K, used 427329K [0x00000000e0000000, 0x00000000fba80000, 0x0000000100000000)
  eden space 421376K, 100% used [0x00000000e0000000,0x00000000f9b80000,0x00000000f9b80000)
  from space 13312K, 44% used [0x00000000fad80000,0x00000000fb350410,0x00000000fba80000)
  to   space 15872K, 0% used [0x00000000f9b80000,0x00000000f9b80000,0x00000000fab00000)
 ParOldGen       total 109056K, used 87165K [0x00000000a0000000, 0x00000000a6a80000, 0x00000000e0000000)
  object space 109056K, 79% used [0x00000000a0000000,0x00000000a551f688,0x00000000a6a80000)
 Metaspace       used 82005K, capacity 84684K, committed 85080K, reserved 1124352K
  class space    used 10444K, capacity 11003K, committed 11136K, reserved 1048576K
Event: 570.195 GC heap after
Heap after GC invocations=46 (full 5):
 PSYoungGen      total 437248K, used 15853K [0x00000000e0000000, 0x00000000fba80000, 0x0000000100000000)
  eden space 421376K, 0% used [0x00000000e0000000,0x00000000e0000000,0x00000000f9b80000)
  from space 15872K, 99% used [0x00000000f9b80000,0x00000000faafb678,0x00000000fab00000)
  to   space 13312K, 0% used [0x00000000fad80000,0x00000000fad80000,0x00000000fba80000)
 ParOldGen       total 109056K, used 94042K [0x00000000a0000000, 0x00000000a6a80000, 0x00000000e0000000)
  object space 109056K, 86% used [0x00000000a0000000,0x00000000a5bd6a40,0x00000000a6a80000)
 Metaspace       used 82005K, capacity 84684K, committed 85080K, reserved 1124352K
  class space    used 10444K, capacity 11003K, committed 11136K, reserved 1048576K
}
Event: 572.580 GC heap before
{Heap before GC invocations=47 (full 5):
 PSYoungGen      total 437248K, used 437229K [0x00000000e0000000, 0x00000000fba80000, 0x0000000100000000)
  eden space 421376K, 100% used [0x00000000e0000000,0x00000000f9b80000,0x00000000f9b80000)
  from space 15872K, 99% used [0x00000000f9b80000,0x00000000faafb678,0x00000000fab00000)
  to   space 13312K, 0% used [0x00000000fad80000,0x00000000fad80000,0x00000000fba80000)
 ParOldGen       total 109056K, used 94042K [0x00000000a0000000, 0x00000000a6a80000, 0x00000000e0000000)
  object space 109056K, 86% used [0x00000000a0000000,0x00000000a5bd6a40,0x00000000a6a80000)
 Metaspace       used 82011K, capacity 84684K, committed 85080K, reserved 1124352K
  class space    used 10445K, capacity 11003K, committed 11136K, reserved 1048576K
Event: 572.822 GC heap after
Heap after GC invocations=47 (full 5):
 PSYoungGen      total 434688K, used 9042K [0x00000000e0000000, 0x00000000fba80000, 0x0000000100000000)
  eden space 421376K, 0% used [0x00000000e0000000,0x00000000e0000000,0x00000000f9b80000)
  from space 13312K, 67% used [0x00000000fad80000,0x00000000fb654a20,0x00000000fba80000)
  to   space 15872K, 0% used [0x00000000f9b80000,0x00000000f9b80000,0x00000000fab00000)
 ParOldGen       total 109056K, used 108524K [0x00000000a0000000, 0x00000000a6a80000, 0x00000000e0000000)
  object space 109056K, 99% used [0x00000000a0000000,0x00000000a69fb320,0x00000000a6a80000)
 Metaspace       used 82011K, capacity 84684K, committed 85080K, reserved 1124352K
  class space    used 10445K, capacity 11003K, committed 11136K, reserved 1048576K
}
Event: 572.823 GC heap before
{Heap before GC invocations=48 (full 6):
 PSYoungGen      total 434688K, used 9042K [0x00000000e0000000, 0x00000000fba80000, 0x0000000100000000)
  eden space 421376K, 0% used [0x00000000e0000000,0x00000000e0000000,0x00000000f9b80000)
  from space 13312K, 67% used [0x00000000fad80000,0x00000000fb654a20,0x00000000fba80000)
  to   space 15872K, 0% used [0x00000000f9b80000,0x00000000f9b80000,0x00000000fab00000)
 ParOldGen       total 109056K, used 108524K [0x00000000a0000000, 0x00000000a6a80000, 0x00000000e0000000)
  object space 109056K, 99% used [0x00000000a0000000,0x00000000a69fb320,0x00000000a6a80000)
 Metaspace       used 82011K, capacity 84684K, committed 85080K, reserved 1124352K
  class space    used 10445K, capacity 11003K, committed 11136K, reserved 1048576K
Event: 589.326 GC heap after
Heap after GC invocations=48 (full 6):
 PSYoungGen      total 434688K, used 0K [0x00000000e0000000, 0x00000000fba80000, 0x0000000100000000)
  eden space 421376K, 0% used [0x00000000e0000000,0x00000000e0000000,0x00000000f9b80000)
  from space 13312K, 0% used [0x00000000fad80000,0x00000000fad80000,0x00000000fba80000)
  to   space 15872K, 0% used [0x00000000f9b80000,0x00000000f9b80000,0x00000000fab00000)
 ParOldGen       total 109056K, used 80198K [0x00000000a0000000, 0x00000000a6a80000, 0x00000000e0000000)
  object space 109056K, 73% used [0x00000000a0000000,0x00000000a4e51a10,0x00000000a6a80000)
 Metaspace       used 82011K, capacity 84684K, committed 85080K, reserved 1124352K
  class space    used 10445K, capacity 11003K, committed 11136K, reserved 1048576K
}
Event: 597.920 GC heap before
{Heap before GC invocations=49 (full 6):
 PSYoungGen      total 434688K, used 421376K [0x00000000e0000000, 0x00000000fba80000, 0x0000000100000000)
  eden space 421376K, 100% used [0x00000000e0000000,0x00000000f9b80000,0x00000000f9b80000)
  from space 13312K, 0% used [0x00000000fad80000,0x00000000fad80000,0x00000000fba80000)
  to   space 15872K, 0% used [0x00000000f9b80000,0x00000000f9b80000,0x00000000fab00000)
 ParOldGen       total 109056K, used 80198K [0x00000000a0000000, 0x00000000a6a80000, 0x00000000e0000000)
  object space 109056K, 73% used [0x00000000a0000000,0x00000000a4e51a10,0x00000000a6a80000)
 Metaspace       used 82024K, capacity 84748K, committed 85080K, reserved 1124352K
  class space    used 10447K, capacity 11003K, committed 11136K, reserved 1048576K
Event: 598.031 GC heap after
Heap after GC invocations=49 (full 6):
 PSYoungGen      total 437248K, used 13351K [0x00000000e0000000, 0x00000000fe380000, 0x0000000100000000)
  eden space 421376K, 0% used [0x00000000e0000000,0x00000000e0000000,0x00000000f9b80000)
  from space 15872K, 84% used [0x00000000f9b80000,0x00000000fa889db8,0x00000000fab00000)
  to   space 22016K, 0% used [0x00000000fce00000,0x00000000fce00000,0x00000000fe380000)
 ParOldGen       total 109056K, used 80198K [0x00000000a0000000, 0x00000000a6a80000, 0x00000000e0000000)
  object space 109056K, 73% used [0x00000000a0000000,0x00000000a4e51a10,0x00000000a6a80000)
 Metaspace       used 82024K, capacity 84748K, committed 85080K, reserved 1124352K
  class space    used 10447K, capacity 11003K, committed 11136K, reserved 1048576K
}
Event: 601.863 GC heap before
{Heap before GC invocations=50 (full 6):
 PSYoungGen      total 437248K, used 434727K [0x00000000e0000000, 0x00000000fe380000, 0x0000000100000000)
  eden space 421376K, 100% used [0x00000000e0000000,0x00000000f9b80000,0x00000000f9b80000)
  from space 15872K, 84% used [0x00000000f9b80000,0x00000000fa889db8,0x00000000fab00000)
  to   space 22016K, 0% used [0x00000000fce00000,0x00000000fce00000,0x00000000fe380000)
 ParOldGen       total 109056K, used 80198K [0x00000000a0000000, 0x00000000a6a80000, 0x00000000e0000000)
  object space 109056K, 73% used [0x00000000a0000000,0x00000000a4e51a10,0x00000000a6a80000)
 Metaspace       used 82050K, capacity 84748K, committed 85080K, reserved 1124352K
  class space    used 10449K, capacity 11003K, committed 11136K, reserved 1048576K
Event: 602.103 GC heap after
Heap after GC invocations=50 (full 6):
 PSYoungGen      total 471040K, used 19635K [0x00000000e0000000, 0x00000000fe680000, 0x0000000100000000)
  eden space 449024K, 0% used [0x00000000e0000000,0x00000000e0000000,0x00000000fb680000)
  from space 22016K, 89% used [0x00000000fce00000,0x00000000fe12ce28,0x00000000fe380000)
  to   space 24064K, 0% used [0x00000000fb680000,0x00000000fb680000,0x00000000fce00000)
 ParOldGen       total 109056K, used 80198K [0x00000000a0000000, 0x00000000a6a80000, 0x00000000e0000000)
  object space 109056K, 73% used [0x00000000a0000000,0x00000000a4e51a10,0x00000000a6a80000)
 Metaspace       used 82050K, capacity 84748K, committed 85080K, reserved 1124352K
  class space    used 10449K, capacity 11003K, committed 11136K, reserved 1048576K
}

