# JRE version: OpenJDK Runtime Environment (8.0_202-b03) (build 1.8.0_202-release-1483-b03)
# Java VM: OpenJDK 64-Bit Server VM (25.202-b03 mixed mode windows-amd64 compressed oops)
Heap:
 PSYoungGen      total 218112K, used 26841K [0x00000000e0000000, 0x00000000eeb00000, 0x0000000100000000)
  eden space 195584K, 2% used [0x00000000e0000000,0x00000000e043a280,0x00000000ebf00000)
  from space 22528K, 99% used [0x00000000ebf00000,0x00000000ed4fc548,0x00000000ed500000)
  to   space 18944K, 0% used [0x00000000ed880000,0x00000000ed880000,0x00000000eeb00000)
 ParOldGen       total 122880K, used 80617K [0x00000000a0000000, 0x00000000a7800000, 0x00000000e0000000)
  object space 122880K, 65% used [0x00000000a0000000,0x00000000a4eba748,0x00000000a7800000)
 Metaspace       used 86698K, capacity 89888K, committed 90240K, reserved 1128448K
  class space    used 11426K, capacity 12077K, committed 12160K, reserved 1048576K
GC Heap History (10 events):
Event: 36.424 GC heap before
{Heap before GC invocations=21 (full 3):
 PSYoungGen      total 171520K, used 171511K [0x00000000e0000000, 0x00000000ecd00000, 0x0000000100000000)
  eden space 156672K, 100% used [0x00000000e0000000,0x00000000e9900000,0x00000000e9900000)
  from space 14848K, 99% used [0x00000000e9900000,0x00000000ea77ded0,0x00000000ea780000)
  to   space 17920K, 0% used [0x00000000ebb80000,0x00000000ebb80000,0x00000000ecd00000)
 ParOldGen       total 76800K, used 36595K [0x00000000a0000000, 0x00000000a4b00000, 0x00000000e0000000)
  object space 76800K, 47% used [0x00000000a0000000,0x00000000a23bce68,0x00000000a4b00000)
 Metaspace       used 64084K, capacity 66158K, committed 66304K, reserved 1105920K
  class space    used 8625K, capacity 9110K, committed 9216K, reserved 1048576K
Event: 36.475 GC heap after
Heap after GC invocations=21 (full 3):
 PSYoungGen      total 191488K, used 11616K [0x00000000e0000000, 0x00000000ece80000, 0x0000000100000000)
  eden space 173568K, 0% used [0x00000000e0000000,0x00000000e0000000,0x00000000ea980000)
  from space 17920K, 64% used [0x00000000ebb80000,0x00000000ec6d8060,0x00000000ecd00000)
  to   space 18432K, 0% used [0x00000000ea980000,0x00000000ea980000,0x00000000ebb80000)
 ParOldGen       total 76800K, used 49337K [0x00000000a0000000, 0x00000000a4b00000, 0x00000000e0000000)
  object space 76800K, 64% used [0x00000000a0000000,0x00000000a302e6c0,0x00000000a4b00000)
 Metaspace       used 64084K, capacity 66158K, committed 66304K, reserved 1105920K
  class space    used 8625K, capacity 9110K, committed 9216K, reserved 1048576K
}
Event: 43.007 GC heap before
{Heap before GC invocations=22 (full 3):
 PSYoungGen      total 191488K, used 185184K [0x00000000e0000000, 0x00000000ece80000, 0x0000000100000000)
  eden space 173568K, 100% used [0x00000000e0000000,0x00000000ea980000,0x00000000ea980000)
  from space 17920K, 64% used [0x00000000ebb80000,0x00000000ec6d8060,0x00000000ecd00000)
  to   space 18432K, 0% used [0x00000000ea980000,0x00000000ea980000,0x00000000ebb80000)
 ParOldGen       total 76800K, used 49337K [0x00000000a0000000, 0x00000000a4b00000, 0x00000000e0000000)
  object space 76800K, 64% used [0x00000000a0000000,0x00000000a302e6c0,0x00000000a4b00000)
 Metaspace       used 75280K, capacity 78298K, committed 78336K, reserved 1116160K
  class space    used 10342K, capacity 10972K, committed 11008K, reserved 1048576K
Event: 43.195 GC heap after
Heap after GC invocations=22 (full 3):
 PSYoungGen      total 192000K, used 18413K [0x00000000e0000000, 0x00000000eee80000, 0x0000000100000000)
  eden space 173568K, 0% used [0x00000000e0000000,0x00000000e0000000,0x00000000ea980000)
  from space 18432K, 99% used [0x00000000ea980000,0x00000000ebb7b730,0x00000000ebb80000)
  to   space 22528K, 0% used [0x00000000ed880000,0x00000000ed880000,0x00000000eee80000)
 ParOldGen       total 76800K, used 53378K [0x00000000a0000000, 0x00000000a4b00000, 0x00000000e0000000)
  object space 76800K, 69% used [0x00000000a0000000,0x00000000a3420948,0x00000000a4b00000)
 Metaspace       used 75280K, capacity 78298K, committed 78336K, reserved 1116160K
  class space    used 10342K, capacity 10972K, committed 11008K, reserved 1048576K
}
Event: 95.230 GC heap before
{Heap before GC invocations=23 (full 3):
 PSYoungGen      total 192000K, used 191981K [0x00000000e0000000, 0x00000000eee80000, 0x0000000100000000)
  eden space 173568K, 100% used [0x00000000e0000000,0x00000000ea980000,0x00000000ea980000)
  from space 18432K, 99% used [0x00000000ea980000,0x00000000ebb7b730,0x00000000ebb80000)
  to   space 22528K, 0% used [0x00000000ed880000,0x00000000ed880000,0x00000000eee80000)
 ParOldGen       total 76800K, used 53378K [0x00000000a0000000, 0x00000000a4b00000, 0x00000000e0000000)
  object space 76800K, 69% used [0x00000000a0000000,0x00000000a3420948,0x00000000a4b00000)
 Metaspace       used 79975K, capacity 83280K, committed 83456K, reserved 1122304K
  class space    used 10748K, capacity 11407K, committed 11520K, reserved 1048576K
Event: 95.361 GC heap after
Heap after GC invocations=23 (full 3):
 PSYoungGen      total 214528K, used 12058K [0x00000000e0000000, 0x00000000eeb00000, 0x0000000100000000)
  eden space 195584K, 0% used [0x00000000e0000000,0x00000000e0000000,0x00000000ebf00000)
  from space 18944K, 63% used [0x00000000ed880000,0x00000000ee446918,0x00000000eeb00000)
  to   space 22528K, 0% used [0x00000000ebf00000,0x00000000ebf00000,0x00000000ed500000)
 ParOldGen       total 76800K, used 66773K [0x00000000a0000000, 0x00000000a4b00000, 0x00000000e0000000)
  object space 76800K, 86% used [0x00000000a0000000,0x00000000a4135548,0x00000000a4b00000)
 Metaspace       used 79975K, capacity 83280K, committed 83456K, reserved 1122304K
  class space    used 10748K, capacity 11407K, committed 11520K, reserved 1048576K
}
Event: 95.362 GC heap before
{Heap before GC invocations=24 (full 4):
 PSYoungGen      total 214528K, used 12058K [0x00000000e0000000, 0x00000000eeb00000, 0x0000000100000000)
  eden space 195584K, 0% used [0x00000000e0000000,0x00000000e0000000,0x00000000ebf00000)
  from space 18944K, 63% used [0x00000000ed880000,0x00000000ee446918,0x00000000eeb00000)
  to   space 22528K, 0% used [0x00000000ebf00000,0x00000000ebf00000,0x00000000ed500000)
 ParOldGen       total 76800K, used 66773K [0x00000000a0000000, 0x00000000a4b00000, 0x00000000e0000000)
  object space 76800K, 86% used [0x00000000a0000000,0x00000000a4135548,0x00000000a4b00000)
 Metaspace       used 79975K, capacity 83280K, committed 83456K, reserved 1122304K
  class space    used 10748K, capacity 11407K, committed 11520K, reserved 1048576K
Event: 97.218 GC heap after
Heap after GC invocations=24 (full 4):
 PSYoungGen      total 214528K, used 0K [0x00000000e0000000, 0x00000000eeb00000, 0x0000000100000000)
  eden space 195584K, 0% used [0x00000000e0000000,0x00000000e0000000,0x00000000ebf00000)
  from space 18944K, 0% used [0x00000000ed880000,0x00000000ed880000,0x00000000eeb00000)
  to   space 22528K, 0% used [0x00000000ebf00000,0x00000000ebf00000,0x00000000ed500000)
 ParOldGen       total 122880K, used 61700K [0x00000000a0000000, 0x00000000a7800000, 0x00000000e0000000)
  object space 122880K, 50% used [0x00000000a0000000,0x00000000a3c413d0,0x00000000a7800000)
 Metaspace       used 79916K, capacity 83104K, committed 83456K, reserved 1122304K
  class space    used 10728K, capacity 11373K, committed 11520K, reserved 1048576K
}
Event: 117.718 GC heap before
{Heap before GC invocations=25 (full 4):
 PSYoungGen      total 214528K, used 195584K [0x00000000e0000000, 0x00000000eeb00000, 0x0000000100000000)
  eden space 195584K, 100% used [0x00000000e0000000,0x00000000ebf00000,0x00000000ebf00000)
  from space 18944K, 0% used [0x00000000ed880000,0x00000000ed880000,0x00000000eeb00000)
  to   space 22528K, 0% used [0x00000000ebf00000,0x00000000ebf00000,0x00000000ed500000)
 ParOldGen       total 122880K, used 61700K [0x00000000a0000000, 0x00000000a7800000, 0x00000000e0000000)
  object space 122880K, 50% used [0x00000000a0000000,0x00000000a3c413d0,0x00000000a7800000)
 Metaspace       used 86676K, capacity 89888K, committed 90240K, reserved 1128448K
  class space    used 11426K, capacity 12077K, committed 12160K, reserved 1048576K
Event: 117.923 GC heap after
Heap after GC invocations=25 (full 4):
 PSYoungGen      total 218112K, used 22513K [0x00000000e0000000, 0x00000000eeb00000, 0x0000000100000000)
  eden space 195584K, 0% used [0x00000000e0000000,0x00000000e0000000,0x00000000ebf00000)
  from space 22528K, 99% used [0x00000000ebf00000,0x00000000ed4fc548,0x00000000ed500000)
  to   space 18944K, 0% used [0x00000000ed880000,0x00000000ed880000,0x00000000eeb00000)
 ParOldGen       total 122880K, used 80617K [0x00000000a0000000, 0x00000000a7800000, 0x00000000e0000000)
  object space 122880K, 65% used [0x00000000a0000000,0x00000000a4eba748,0x00000000a7800000)
 Metaspace       used 86676K, capacity 89888K, committed 90240K, reserved 1128448K
  class space    used 11426K, capacity 12077K, committed 12160K, reserved 1048576K
}

